C51 COMPILER V9.60.7.0   DS18B20                                                           03/05/2024 14:36:27 PAGE 1   


C51 COMPILER V9.60.7.0, COMPILATION OF MODULE DS18B20
OBJECT MODULE PLACED IN .\Objects\DS18B20.obj
COMPILER INVOKED BY: D:\Study\Keil_MDK\C51\BIN\C51.EXE DS18B20.C OPTIMIZE(8,SPEED) BROWSE DEBUG OBJECTEXTEND PRINT(.\Lis
                    -tings\DS18B20.lst) OBJECT(.\Objects\DS18B20.obj)

line level    source

   1          #include <REGX52.H>
   2          #include "OneWire.H"
   3          
   4          /*DS18B20 Coommad*/
   5          #define SKIP_ROM                        0XCC    //跳过ROM
   6          #define CONVERT_T                       0X44    //开始温度转换
   7          #define READ_SCRATCHPAD         0XBE    //读取寄存器的值
   8          
   9          
  10          
  11          /**
  12           * @brief DS18B20初始化(单总线初始化)
  13           * @param
  14           */
  15          void DS18B20_Init(void)
  16          {
  17   1              OneWire_Init();
  18   1      }
  19          
  20          /**
  21           * @brief DS18B20开始温度转换
  22           * @param : 无
  23           */
  24          void DS18B20_ConvertT(void)
  25          {
  26   1              DS18B20_Init();
  27   1              OneWire_WriteByte(SKIP_ROM);
  28   1              OneWire_WriteByte(CONVERT_T);
  29   1      }
  30          
  31          /**
  32           * @brief 读取DS18B20获取的温度
  33           * @param  :无
  34           * @return :DS18B20的温度数据
  35           */
  36          float DS18B20_ReadT(void)
  37          {
  38   1              unsigned char TH,TL;
  39   1              int Temp;
  40   1              float T;
  41   1              DS18B20_Init();
  42   1              OneWire_WriteByte(SKIP_ROM);
  43   1              OneWire_WriteByte(READ_SCRATCHPAD);
  44   1              TL = OneWire_ReadByte();
  45   1              TH = OneWire_ReadByte();
  46   1              Temp = (TH << 8) | TL ;
  47   1              T = Temp / 16.0;
  48   1              return T;
  49   1      }


MODULE INFORMATION:   STATIC OVERLAYABLE
   CODE SIZE        =     59    ----
   CONSTANT SIZE    =   ----    ----
C51 COMPILER V9.60.7.0   DS18B20                                                           03/05/2024 14:36:27 PAGE 2   

   XDATA SIZE       =   ----    ----
   PDATA SIZE       =   ----    ----
   DATA SIZE        =   ----       1
   IDATA SIZE       =   ----    ----
   BIT SIZE         =   ----    ----
END OF MODULE INFORMATION.


C51 COMPILATION COMPLETE.  0 WARNING(S),  0 ERROR(S)
