C51 COMPILER V9.60.7.0   MAIN                                                              03/05/2024 18:44:03 PAGE 1   


C51 COMPILER V9.60.7.0, COMPILATION OF MODULE MAIN
OBJECT MODULE PLACED IN .\Objects\main.obj
COMPILER INVOKED BY: D:\Study\Keil_MDK\C51\BIN\C51.EXE main.c OPTIMIZE(8,SPEED) BROWSE DEBUG OBJECTEXTEND PRINT(.\Listin
                    -gs\main.lst) OBJECT(.\Objects\main.obj)

line level    source

   1          #include <REGX52.H>
   2          #include "LCD1602.H"
   3          #include "DS18B20.H"
   4          #include "Delay.H"
   5          
   6          float T;
   7          
   8          void main()
   9          {
  10   1              LCD1602_Init();
  11   1              DS18B20_Init();
  12   1              LCD_ShowString(1, 1, "Temp");
  13   1              while(1)
  14   1              {
  15   2                      DS18B20_ConvertT();     //转换温度
  16   2                      T=DS18B20_ReadT();      //读取温度
  17   2                      if(T<0)                         //如果温度小于0
  18   2                      {
  19   3                              LCD_ShowChar(2,1,'-');  //显示负号
  20   3                              T=-T;                   //将温度变为正数
  21   3                      }
  22   2                      else                            //如果温度大于等于0
  23   2                      {
  24   3                              LCD_ShowChar(2,1,'+');  //显示正号
  25   3                      }
  26   2                      LCD_ShowNum(2,2,T,3);           //显示温度整数部分
  27   2                      LCD_ShowChar(2,5,'.');          //显示小数点
  28   2                      LCD_ShowNum(2,6,(unsigned long)(T*10000)%10000,4);//显示温度小数部分
  29   2              }
  30   1      }
  31          
  32          


MODULE INFORMATION:   STATIC OVERLAYABLE
   CODE SIZE        =    169    ----
   CONSTANT SIZE    =      5    ----
   XDATA SIZE       =   ----    ----
   PDATA SIZE       =   ----    ----
   DATA SIZE        =      4    ----
   IDATA SIZE       =   ----    ----
   BIT SIZE         =   ----    ----
END OF MODULE INFORMATION.


C51 COMPILATION COMPLETE.  0 WARNING(S),  0 ERROR(S)
